[20230504_140051] index:0;amount:42;created
[20230504_140051] index:1;amount:54;created
[20230504_140051] index:2;amount:957;created
[20230504_140051] index:3;amount:432;created
[20230504_140051] index:4;amount:1234;created
[20230504_140710]index:0;amount:42;created
[20230504_140710]index:1;amount:54;created
[20230504_140710]index:2;amount:957;created
[20230504_140710]index:3;amount:432;created
[20230504_140710]index:4;amount:1234;created
[20230504_140710]index:5;amount:0;created
[20230504_140710]index:6;amount:754;created
[20230504_140710]index:7;amount:16576;created
[20230504_140710]accounts:8;total:20049;deposit:0;withdrawals:0;
[20230504_140710]index:0;amount:42;deposits:0;withdrawals:0
[20230504_140710]index:1;amount:54;deposits:0;withdrawals:0
[20230504_140710]index:2;amount:957;deposits:0;withdrawals:0
[20230504_140710]index:3;amount:432;deposits:0;withdrawals:0
[20230504_140710]index:4;amount:1234;deposits:0;withdrawals:0
[20230504_140710]index:5;amount:0;deposits:0;withdrawals:0
[20230504_140710]index:6;amount:754;deposits:0;withdrawals:0
[20230504_140710]index:7;amount:16576;deposits:0;withdrawals:0
[20230504_140710]index:0;p_amount:42;deposit:5;amount:47;nb_deposit:1
[20230504_140710]index:1;p_amount:54;deposit:765;amount:819;nb_deposit:1
[20230504_140710]index:2;p_amount:957;deposit:564;amount:1521;nb_deposit:1
[20230504_140710]index:3;p_amount:432;deposit:2;amount:434;nb_deposit:1
[20230504_140710]index:4;p_amount:1234;deposit:87;amount:1321;nb_deposit:1
[20230504_140710]index:5;p_amount:0;deposit:23;amount:23;nb_deposit:1
[20230504_140710]index:6;p_amount:754;deposit:9;amount:763;nb_deposit:1
[20230504_140710]index:7;p_amount:16576;deposit:20;amount:16596;nb_deposit:1
[20230504_140710]accounts:8;total:21524;deposit:8;withdrawals:0;
[20230504_140710]index:0;amount:47;deposits:1;withdrawals:0
[20230504_140710]index:1;amount:819;deposits:1;withdrawals:0
[20230504_140710]index:2;amount:1521;deposits:1;withdrawals:0
[20230504_140710]index:3;amount:434;deposits:1;withdrawals:0
[20230504_140710]index:4;amount:1321;deposits:1;withdrawals:0
[20230504_140710]index:5;amount:23;deposits:1;withdrawals:0
[20230504_140710]index:6;amount:763;deposits:1;withdrawals:0
[20230504_140710]index:7;amount:16596;deposits:1;withdrawals:0
[20230504_140710]index:0;p_amount47;;withdrawal:refused
[20230504_140710]index:1;p_amount819;;withdrawal:34;amount1
[20230504_140710]index:2;p_amount1521;;withdrawal:657;amount1
[20230504_140710]index:3;p_amount434;;withdrawal:4;amount1
[20230504_140710]index:4;p_amount1321;;withdrawal:76;amount1
[20230504_140710]index:5;p_amount23;;withdrawal:refused
[20230504_140710]index:6;p_amount763;;withdrawal:657;amount1
[20230504_140710]index:7;p_amount16596;;withdrawal:7654;amount1
[20230504_140710]accounts:8;total:12442;deposit:8;withdrawals:6;
[20230504_140710]index:0;amount:47;deposits:1;withdrawals:0
[20230504_140710]index:1;amount:785;deposits:1;withdrawals:1
[20230504_140710]index:2;amount:864;deposits:1;withdrawals:1
[20230504_140710]index:3;amount:430;deposits:1;withdrawals:1
[20230504_140710]index:4;amount:1245;deposits:1;withdrawals:1
[20230504_140710]index:5;amount:23;deposits:1;withdrawals:0
[20230504_140710]index:6;amount:106;deposits:1;withdrawals:1
[20230504_140710]index:7;amount:8942;deposits:1;withdrawals:1
[20230504_140710]index:7;amount:8942;closed
[20230504_140710]index:6;amount:106;closed
[20230504_140710]index:5;amount:23;closed
[20230504_140710]index:4;amount:1245;closed
[20230504_140710]index:3;amount:430;closed
[20230504_140710]index:2;amount:864;closed
[20230504_140710]index:1;amount:785;closed
[20230504_140710]index:0;amount:47;closed
[20230508_111040]index:0;amount:42;created
[20230508_111040]index:1;amount:54;created
[20230508_111040]index:2;amount:957;created
[20230508_111040]index:3;amount:432;created
[20230508_111040]index:4;amount:1234;created
[20230508_111040]index:5;amount:0;created
[20230508_111040]index:6;amount:754;created
[20230508_111040]index:7;amount:16576;created
[20230508_111040]accounts:8;total:20049;deposit:0;withdrawals:0;
[20230508_111040]index:0;amount:42;deposits:0;withdrawals:0
[20230508_111040]index:1;amount:54;deposits:0;withdrawals:0
[20230508_111040]index:2;amount:957;deposits:0;withdrawals:0
[20230508_111040]index:3;amount:432;deposits:0;withdrawals:0
[20230508_111040]index:4;amount:1234;deposits:0;withdrawals:0
[20230508_111040]index:5;amount:0;deposits:0;withdrawals:0
[20230508_111040]index:6;amount:754;deposits:0;withdrawals:0
[20230508_111040]index:7;amount:16576;deposits:0;withdrawals:0
[20230508_111040]index:0;p_amount:42;deposit:5;amount:47;nb_deposit:1
[20230508_111040]index:1;p_amount:54;deposit:765;amount:819;nb_deposit:1
[20230508_111040]index:2;p_amount:957;deposit:564;amount:1521;nb_deposit:1
[20230508_111040]index:3;p_amount:432;deposit:2;amount:434;nb_deposit:1
[20230508_111040]index:4;p_amount:1234;deposit:87;amount:1321;nb_deposit:1
[20230508_111040]index:5;p_amount:0;deposit:23;amount:23;nb_deposit:1
[20230508_111040]index:6;p_amount:754;deposit:9;amount:763;nb_deposit:1
[20230508_111040]index:7;p_amount:16576;deposit:20;amount:16596;nb_deposit:1
[20230508_111040]accounts:8;total:21524;deposit:8;withdrawals:0;
[20230508_111040]index:0;amount:47;deposits:1;withdrawals:0
[20230508_111040]index:1;amount:819;deposits:1;withdrawals:0
[20230508_111040]index:2;amount:1521;deposits:1;withdrawals:0
[20230508_111040]index:3;amount:434;deposits:1;withdrawals:0
[20230508_111040]index:4;amount:1321;deposits:1;withdrawals:0
[20230508_111040]index:5;amount:23;deposits:1;withdrawals:0
[20230508_111040]index:6;amount:763;deposits:1;withdrawals:0
[20230508_111040]index:7;amount:16596;deposits:1;withdrawals:0
[20230508_111040]index:0;p_amount47;;withdrawal:refused
[20230508_111040]index:1;p_amount819;;withdrawal:34;amount1
[20230508_111040]index:2;p_amount1521;;withdrawal:657;amount1
[20230508_111040]index:3;p_amount434;;withdrawal:4;amount1
[20230508_111040]index:4;p_amount1321;;withdrawal:76;amount1
[20230508_111040]index:5;p_amount23;;withdrawal:refused
[20230508_111040]index:6;p_amount763;;withdrawal:657;amount1
[20230508_111040]index:7;p_amount16596;;withdrawal:7654;amount1
[20230508_111040]accounts:8;total:12442;deposit:8;withdrawals:6;
[20230508_111040]index:0;amount:47;deposits:1;withdrawals:0
[20230508_111040]index:1;amount:785;deposits:1;withdrawals:1
[20230508_111040]index:2;amount:864;deposits:1;withdrawals:1
[20230508_111040]index:3;amount:430;deposits:1;withdrawals:1
[20230508_111040]index:4;amount:1245;deposits:1;withdrawals:1
[20230508_111040]index:5;amount:23;deposits:1;withdrawals:0
[20230508_111040]index:6;amount:106;deposits:1;withdrawals:1
[20230508_111040]index:7;amount:8942;deposits:1;withdrawals:1
8ESTOY AQUI8[20230508_111040]index:8;amount:8942;closed
7ESTOY AQUI8[20230508_111040]index:7;amount:106;closed
6ESTOY AQUI8[20230508_111040]index:6;amount:23;closed
5ESTOY AQUI8[20230508_111040]index:5;amount:1245;closed
4ESTOY AQUI8[20230508_111040]index:4;amount:430;closed
3ESTOY AQUI8[20230508_111040]index:3;amount:864;closed
2ESTOY AQUI8[20230508_111040]index:2;amount:785;closed
1ESTOY AQUI8[20230508_111040]index:1;amount:47;closed
